<?xml version="1.0" encoding="UTF-8"?>
<testng-results ignored="0" total="1" passed="1" failed="0" skipped="0">
  <reporter-output>
  </reporter-output>
  <suite started-at="2019-04-12T12:06:34Z" name="Default suite" finished-at="2019-04-12T12:07:09Z" duration-ms="34831">
    <groups>
    </groups>
    <test started-at="2019-04-12T12:06:34Z" name="Default test" finished-at="2019-04-12T12:07:09Z" duration-ms="34831">
      <class name="com.facebook.verifyHomepageFactory">
        <test-method is-config="true" signature="launch()[pri:0, instance:com.facebook.verifyHomepageFactory@17a7f733]" started-at="2019-04-12T12:06:34Z" name="launch" finished-at="2019-04-12T12:06:55Z" duration-ms="21150" status="PASS">
          <reporter-output>
          </reporter-output>
        </test-method> <!-- launch -->
        <test-method signature="Login()[pri:0, instance:com.facebook.verifyHomepageFactory@17a7f733]" started-at="2019-04-12T12:06:55Z" name="Login" finished-at="2019-04-12T12:07:09Z" duration-ms="13605" status="PASS">
          <reporter-output>
          </reporter-output>
        </test-method> <!-- Login -->
      </class> <!-- com.facebook.verifyHomepageFactory -->
    </test> <!-- Default test -->
  </suite> <!-- Default suite -->
</testng-results>
